<?xml version="1.0" encoding="UTF-8"?>
<!-- Generated by org.testng.reporters.JUnitReportReporter -->
<testsuite hostname="DESKTOP-IV7DQAN" failures="0" tests="1" name="uistore.BookingforOutstation_ui" time="17.341" errors="0" timestamp="2022-01-15T11:36:50 IST" skipped="0">
  <testcase classname="uistore.BookingforOutstation_ui" name="BookingOurstation" time="17.341"/>
  <system-out/>
</testsuite> <!-- uistore.BookingforOutstation_ui -->
