<?xml version="1.0" encoding="UTF-8"?>
<!-- Generated by org.testng.reporters.JUnitReportReporter -->
<testsuite hostname="DESKTOP-IV7DQAN" failures="0" tests="1" name="uistore.homePage" time="7.748" errors="0" timestamp="2022-01-15T09:51:11 IST" skipped="0">
  <testcase classname="uistore.homePage" name="basePageNavigation" time="7.748"/>
  <system-out/>
</testsuite> <!-- uistore.homePage -->
