<?xml version="1.0" encoding="UTF-8"?>
<!-- Generated by org.testng.reporters.JUnitReportReporter -->
<testsuite hostname="DESKTOP-IV7DQAN" failures="0" tests="1" name="uistore.Logout_ui" time="28.936" errors="0" timestamp="2022-01-17T15:14:08 IST" skipped="0">
  <testcase classname="uistore.Logout_ui" name="Logoutpage" time="28.936"/>
  <system-out/>
</testsuite> <!-- uistore.Logout_ui -->
