<?xml version="1.0" encoding="UTF-8"?>
<!-- Generated by org.testng.reporters.JUnitReportReporter -->
<testsuite hostname="DESKTOP-IV7DQAN" failures="0" tests="1" name="uistore.Terms_Cond_ui" time="9.948" errors="0" timestamp="2022-01-17T15:14:08 IST" skipped="0">
  <testcase classname="uistore.Terms_Cond_ui" name="TermsConditon" time="9.948"/>
  <system-out/>
</testsuite> <!-- uistore.Terms_Cond_ui -->
