<?xml version="1.0" encoding="UTF-8"?>
<!-- Generated by org.testng.reporters.JUnitReportReporter -->
<testsuite hostname="DESKTOP-IV7DQAN" failures="0" tests="1" name="uistore.Userregister_ui" time="12.618" errors="0" timestamp="2022-01-17T15:14:08 IST" skipped="0">
  <testcase classname="uistore.Userregister_ui" name="userregister" time="12.618"/>
  <system-out/>
</testsuite> <!-- uistore.Userregister_ui -->
