<?xml version="1.0" encoding="UTF-8"?>
<!-- Generated by org.testng.reporters.JUnitReportReporter -->
<testsuite hostname="DESKTOP-IV7DQAN" failures="0" tests="1" name="uistore.AppDwnd_ui" time="11.491" errors="0" timestamp="2022-01-17T15:14:08 IST" skipped="0">
  <testcase classname="uistore.AppDwnd_ui" name="Appdownload" time="11.491"/>
  <system-out/>
</testsuite> <!-- uistore.AppDwnd_ui -->
