<?xml version="1.0" encoding="UTF-8"?>
<!-- Generated by org.testng.reporters.JUnitReportReporter -->
<testsuite hostname="DESKTOP-IV7DQAN" failures="0" tests="1" name="uistore.rentalcheck_ui" time="8.941" errors="0" timestamp="2022-01-17T15:14:08 IST" skipped="0">
  <testcase classname="uistore.rentalcheck_ui" name="rentalcheck" time="8.941"/>
  <system-out/>
</testsuite> <!-- uistore.rentalcheck_ui -->
