<?xml version="1.0" encoding="UTF-8"?>
<!-- Generated by org.testng.reporters.JUnitReportReporter -->
<testsuite hostname="DESKTOP-IV7DQAN" failures="0" tests="1" name="uistore.TripAdvisor_ui" time="8.378" errors="0" timestamp="2022-01-17T15:14:08 IST" skipped="0">
  <testcase classname="uistore.TripAdvisor_ui" name="Tripadvisor" time="8.378"/>
  <system-out/>
</testsuite> <!-- uistore.TripAdvisor_ui -->
