<?xml version="1.0" encoding="UTF-8"?>
<!-- Generated by org.testng.reporters.JUnitReportReporter -->
<testsuite hostname="DESKTOP-IV7DQAN" failures="0" tests="1" name="uistore.ActUpdate_ui" time="17.885" errors="0" timestamp="2022-01-17T15:14:08 IST" skipped="0">
  <testcase classname="uistore.ActUpdate_ui" name="Accountupd" time="17.885"/>
  <system-out/>
</testsuite> <!-- uistore.ActUpdate_ui -->
